<?xml version="1.0" encoding="UTF-8"?>
<!-- Generated by org.testng.reporters.JUnitReportReporter -->
<testsuite hostname="AlEman" name="project.works.AppTest" tests="1" failures="1" timestamp="6 Aug 2019 22:54:58 GMT" time="0.008" errors="0">
  <testcase name="a" time="0.008" classname="project.works.AppTest">
    <failure type="org.testng.TestNGException" message="
Parameter &#039;crossBrowser&#039; is required by @Configuration on method setup but has not been marked @Optional or defined
in C:\Users\Home\AppData\Local\Temp\testng-eclipse--1456167371\testng-customsuite.xml">
      <![CDATA[org.testng.TestNGException: 
Parameter 'crossBrowser' is required by @Configuration on method setup but has not been marked @Optional or defined
in C:\Users\Home\AppData\Local\Temp\testng-eclipse--1456167371\testng-customsuite.xml
	at org.testng.internal.Parameters.createParameters(Parameters.java:155)
	at org.testng.internal.Parameters.createParameters(Parameters.java:358)
	at org.testng.internal.Parameters.createConfigurationParameters(Parameters.java:86)
	at org.testng.internal.Invoker.invokeConfigurations(Invoker.java:199)
	at org.testng.internal.Invoker.invokeConfigurations(Invoker.java:138)
	at org.testng.TestRunner.beforeRun(TestRunner.java:641)
	at org.testng.TestRunner.run(TestRunner.java:609)
	at org.testng.SuiteRunner.runTest(SuiteRunner.java:348)
	at org.testng.SuiteRunner.runSequentially(SuiteRunner.java:343)
	at org.testng.SuiteRunner.privateRun(SuiteRunner.java:305)
	at org.testng.SuiteRunner.run(SuiteRunner.java:254)
	at org.testng.SuiteRunnerWorker.runSuite(SuiteRunnerWorker.java:52)
	at org.testng.SuiteRunnerWorker.run(SuiteRunnerWorker.java:86)
	at org.testng.TestNG.runSuitesSequentially(TestNG.java:1224)
	at org.testng.TestNG.runSuitesLocally(TestNG.java:1149)
	at org.testng.TestNG.run(TestNG.java:1057)
	at org.testng.remote.AbstractRemoteTestNG.run(AbstractRemoteTestNG.java:132)
	at org.testng.remote.RemoteTestNG.initAndRun(RemoteTestNG.java:236)
	at org.testng.remote.RemoteTestNG.main(RemoteTestNG.java:81)
]]>
    </failure>
  </testcase> <!-- a -->
</testsuite> <!-- project.works.AppTest -->
